  Gamepad.cpp
  HotkeyInput.cpp
  Images.cpp
  imgui.cpp
  imgui_demo.cpp
  imgui_draw.cpp
  imgui_impl_dx11.cpp
  imgui_impl_win32.cpp
  imgui_tables.cpp
  imgui_widgets.cpp
  Source.cpp
D:\C++\CrosshairsApp\Source.cpp(159,65): warning C4244: 'argument': conversion from 'int' to 'float', possible loss of data
D:\C++\CrosshairsApp\Source.cpp(159,45): warning C4244: 'argument': conversion from 'int' to 'float', possible loss of data
D:\C++\CrosshairsApp\Source.cpp(271,99): warning C4244: 'argument': conversion from 'int' to 'float', possible loss of data
D:\C++\CrosshairsApp\Source.cpp(271,66): warning C4244: 'argument': conversion from 'int' to 'float', possible loss of data
D:\C++\CrosshairsApp\Source.cpp(277,99): warning C4244: 'argument': conversion from 'int' to 'float', possible loss of data
D:\C++\CrosshairsApp\Source.cpp(277,66): warning C4244: 'argument': conversion from 'int' to 'float', possible loss of data
D:\C++\CrosshairsApp\Source.cpp(306,44): warning C4244: 'initializing': conversion from 'float' to 'int', possible loss of data
D:\C++\CrosshairsApp\Source.cpp(307,45): warning C4244: 'initializing': conversion from 'float' to 'int', possible loss of data
D:\C++\CrosshairsApp\Source.cpp(308,73): warning C4244: 'argument': conversion from 'int' to 'float', possible loss of data
D:\C++\CrosshairsApp\Source.cpp(308,53): warning C4244: 'argument': conversion from 'int' to 'float', possible loss of data
D:\C++\CrosshairsApp\Source.cpp(309,143): warning C4244: 'argument': conversion from 'int' to 'float', possible loss of data
D:\C++\CrosshairsApp\Source.cpp(309,94): warning C4244: 'argument': conversion from 'int' to 'float', possible loss of data
  Generating Code...
  CrosshairsApp.vcxproj -> D:\C++\CrosshairsApp\x64\Debug\ImGuiOverlay.exe
